<?xml version="1.0" encoding="UTF-8"?>
<!-- Generated by org.testng.reporters.JUnitXMLReporter -->
<testsuite ignored="0" hostname="DESKTOP-63SONG1" failures="0" tests="7" name="Test" time="15.689" errors="0" timestamp="2025-05-15T17:20:59 IST">
  <testcase classname="testNG.OrangeHRMTest" name="openapp" time="11.799"/>
  <testcase classname="testNG.OrangeHRMTest" name="testlogo" time="3.113"/>
  <testcase classname="testNG.OrangeHRMTest" name="login" time="0.397"/>
  <testcase classname="testNG.OrangeHRMTest" name="teardown" time="0.238"/>
  <testcase classname="testNG.MyFirstTestCase" name="openapp" time="0.002"/>
  <testcase classname="testNG.MyFirstTestCase" name="login" time="0.003"/>
  <testcase classname="testNG.MyFirstTestCase" name="logout" time="0.002"/>
</testsuite> <!-- Test -->
