<?xml version="1.0" encoding="UTF-8"?>
<testng-results ignored="0" total="1" passed="1" failed="0" skipped="0">
  <reporter-output>
  </reporter-output>
  <suite started-at="2025-08-10T18:35:10 IST" name="Default suite" finished-at="2025-08-10T18:35:33 IST" duration-ms="22733">
    <groups>
    </groups>
    <test started-at="2025-08-10T18:35:10 IST" name="Default test" finished-at="2025-08-10T18:35:33 IST" duration-ms="22733">
      <class name="testCases.TC006_RF">
        <test-method is-config="true" signature="setup()[pri:0, instance:testCases.TC006_RF@3bf7ca37]" started-at="2025-08-10T18:35:10 IST" name="setup" finished-at="2025-08-10T18:35:29 IST" duration-ms="18879" status="PASS">
          <reporter-output>
          </reporter-output>
        </test-method> <!-- setup -->
        <test-method signature="verify_NewLetterNo()[pri:0, instance:testCases.TC006_RF@3bf7ca37]" started-at="2025-08-10T18:35:29 IST" name="verify_NewLetterNo" finished-at="2025-08-10T18:35:33 IST" duration-ms="3411" status="PASS">
          <reporter-output>
          </reporter-output>
        </test-method> <!-- verify_NewLetterNo -->
        <test-method is-config="true" signature="teardown()[pri:0, instance:testCases.TC006_RF@3bf7ca37]" started-at="2025-08-10T18:35:33 IST" name="teardown" finished-at="2025-08-10T18:35:33 IST" duration-ms="343" status="PASS">
          <reporter-output>
          </reporter-output>
        </test-method> <!-- teardown -->
      </class> <!-- testCases.TC006_RF -->
    </test> <!-- Default test -->
  </suite> <!-- Default suite -->
</testng-results>
